Using pre-set license
Built from '2020.3/staging' branch; Version is '2020.3.19f1 (68f137dc9bbe) revision 6877495'; Using compiler version '192528614'; Build Type 'Release'
OS: 'Windows 10 Pro; OS build 19043.1288; Version 2009; 64bit' Language: 'en' Physical Memory: 32140 MB
BatchMode: 1, IsHumanControllingUs: 0, StartBugReporterOnCrash: 0, Is64bit: 1, IsPro: 0

COMMAND LINE ARGUMENTS:
C:\Program Files\Unity\Hub\Editor\2020.3.19f1\Editor\Unity.exe
-adb2
-batchMode
-noUpm
-name
AssetImportWorker0
-projectPath
C:/Users/spudt/source/repos/AceArcadeMissiles
-logFile
Logs/AssetImportWorker0.log
-srvPort
62801
Successfully changed project path to: C:/Users/spudt/source/repos/AceArcadeMissiles
C:/Users/spudt/source/repos/AceArcadeMissiles
Using Asset Import Pipeline V2.
Refreshing native plugins compatible for Editor in 27.09 ms, found 2 plugins.
Preloading 0 native plugins for Editor in 0.00 ms.
Initialize engine version: 2020.3.19f1 (68f137dc9bbe)
[Subsystems] Discovering subsystems at path C:/Program Files/Unity/Hub/Editor/2020.3.19f1/Editor/Data/Resources/UnitySubsystems
[Subsystems] Discovering subsystems at path C:/Users/spudt/source/repos/AceArcadeMissiles/Assets
GfxDevice: creating device client; threaded=0
Direct3D:
    Version:  Direct3D 11.0 [level 11.1]
    Renderer: AMD Radeon(TM) Graphics (ID=0x1636)
    Vendor:   
    VRAM:     16070 MB
    Driver:   27.20.21020.4003
Initialize mono
Mono path[0] = 'C:/Program Files/Unity/Hub/Editor/2020.3.19f1/Editor/Data/Managed'
Mono path[1] = 'C:/Program Files/Unity/Hub/Editor/2020.3.19f1/Editor/Data/MonoBleedingEdge/lib/mono/unityjit'
Mono config path = 'C:/Program Files/Unity/Hub/Editor/2020.3.19f1/Editor/Data/MonoBleedingEdge/etc'
Using monoOptions --debugger-agent=transport=dt_socket,embedding=1,server=y,suspend=n,address=127.0.0.1:56352
Begin MonoManager ReloadAssembly
Registering precompiled unity dll's ...
Register platform support module: C:/Program Files/Unity/Hub/Editor/2020.3.19f1/Editor/Data/PlaybackEngines/WebGLSupport/UnityEditor.WebGL.Extensions.dll
Register platform support module: C:/Program Files/Unity/Hub/Editor/2020.3.19f1/Editor/Data/PlaybackEngines/WindowsStandaloneSupport/UnityEditor.WindowsStandalone.Extensions.dll
Registered in 0.001934 seconds.
Native extension for WindowsStandalone target not found
Native extension for WebGL target not found
Refreshing native plugins compatible for Editor in 27.57 ms, found 2 plugins.
Preloading 0 native plugins for Editor in 0.00 ms.
Mono: successfully reloaded assembly
- Completed reload, in  1.089 seconds
Domain Reload Profiling:
	ReloadAssembly (1089ms)
		BeginReloadAssembly (53ms)
			ExecutionOrderSort (0ms)
			DisableScriptedObjects (0ms)
			BackupInstance (0ms)
			ReleaseScriptingObjects (0ms)
			CreateAndSetChildDomain (1ms)
		EndReloadAssembly (384ms)
			LoadAssemblies (51ms)
			RebuildTransferFunctionScriptingTraits (0ms)
			SetupTypeCache (140ms)
			ReleaseScriptCaches (0ms)
			RebuildScriptCaches (30ms)
			SetupLoadedEditorAssemblies (142ms)
				LogAssemblyErrors (0ms)
				InitializePlatformSupportModulesInManaged (4ms)
				SetLoadedEditorAssemblies (0ms)
				RefreshPlugins (28ms)
				BeforeProcessingInitializeOnLoad (13ms)
				ProcessInitializeOnLoadAttributes (71ms)
				ProcessInitializeOnLoadMethodAttributes (25ms)
				AfterProcessingInitializeOnLoad (0ms)
				EditorAssembliesLoaded (0ms)
			ExecutionOrderSort2 (0ms)
			AwakeInstancesAfterBackupRestoration (0ms)
Platform modules already initialized, skipping
Registering precompiled user dll's ...
Registered in 0.002291 seconds.
Begin MonoManager ReloadAssembly
Native extension for WindowsStandalone target not found
Native extension for WebGL target not found
Refreshing native plugins compatible for Editor in 0.36 ms, found 2 plugins.
Preloading 0 native plugins for Editor in 0.00 ms.
Mono: successfully reloaded assembly
- Completed reload, in  0.951 seconds
Domain Reload Profiling:
	ReloadAssembly (952ms)
		BeginReloadAssembly (138ms)
			ExecutionOrderSort (0ms)
			DisableScriptedObjects (4ms)
			BackupInstance (0ms)
			ReleaseScriptingObjects (0ms)
			CreateAndSetChildDomain (21ms)
		EndReloadAssembly (751ms)
			LoadAssemblies (75ms)
			RebuildTransferFunctionScriptingTraits (0ms)
			SetupTypeCache (246ms)
			ReleaseScriptCaches (0ms)
			RebuildScriptCaches (40ms)
			SetupLoadedEditorAssemblies (295ms)
				LogAssemblyErrors (0ms)
				InitializePlatformSupportModulesInManaged (6ms)
				SetLoadedEditorAssemblies (0ms)
				RefreshPlugins (0ms)
				BeforeProcessingInitializeOnLoad (74ms)
				ProcessInitializeOnLoadAttributes (204ms)
				ProcessInitializeOnLoadMethodAttributes (4ms)
				AfterProcessingInitializeOnLoad (6ms)
				EditorAssembliesLoaded (0ms)
			ExecutionOrderSort2 (0ms)
			AwakeInstancesAfterBackupRestoration (7ms)
Platform modules already initialized, skipping
========================================================================
Worker process is ready to serve import requests
Launched and connected shader compiler UnityShaderCompiler.exe after 0.05 seconds
Refreshing native plugins compatible for Editor in 0.35 ms, found 2 plugins.
Preloading 0 native plugins for Editor in 0.00 ms.
Unloading 1412 Unused Serialized files (Serialized files now loaded: 0)
System memory in use before: 65.3 MB.
System memory in use after: 65.4 MB.

Unloading 16 unused Assets to reduce memory usage. Loaded Objects now: 1847.
Total: 3.964200 ms (FindLiveObjects: 0.245400 ms CreateObjectMapping: 0.065300 ms MarkObjects: 3.572200 ms  DeleteObjects: 0.078600 ms)

AssetImportParameters requested are different than current active one (requested -> active):
  custom:framework-win-MediaFoundation: 216162199b28c13a410421893ffa2e32 -> 
  custom:video-decoder-ogg-theora: a1e56fd34408186e4bbccfd4996cb3dc -> 
  custom:container-muxer-webm: aa71ff27fc2769a1b78a27578f13a17b -> 
  custom:container-demuxer-webm: 4f35f7cbe854078d1ac9338744f61a02 -> 
  custom:container-demuxer-ogg: 62fdf1f143b41e24485cea50d1cbac27 -> 
  custom:video-encoder-webm-vp8: eb34c28f22e8b96e1ab97ce403110664 -> 
  custom:video-decoder-webm-vp8: 9c59270c3fd7afecdb556c50c9e8de78 -> 
  custom:audio-decoder-ogg-vorbis: bf7c407c2cedff20999df2af8eb42d56 -> 
  custom:audio-encoder-webm-vorbis: bf7c407c2cedff20999df2af8eb42d56 -> 
========================================================================
Received Import Request.
  path: Assets/AceArcadeMissiles/Demo/MissileFlight.unity
  artifactKey: Guid(c2ffefcc2f3c36243bdc0838769a668a) Importer(815301076,1909f56bfc062723c751e8b465ee728b)
Start importing Assets/AceArcadeMissiles/Demo/MissileFlight.unity using Guid(c2ffefcc2f3c36243bdc0838769a668a) Importer(815301076,1909f56bfc062723c751e8b465ee728b)  -> (artifact id: 'f2ab053bf7c9de953158c56fbbbaefea') in 0.016211 seconds 
  Import took 0.019479 seconds .

========================================================================
Received Import Request.
  Time since last request: 0.000294 seconds.
  path: Assets/AceArcadeMissiles/Demo
  artifactKey: Guid(bdbde992516ec7b448fbc60b07e3f832) Importer(815301076,1909f56bfc062723c751e8b465ee728b)
Start importing Assets/AceArcadeMissiles/Demo using Guid(bdbde992516ec7b448fbc60b07e3f832) Importer(815301076,1909f56bfc062723c751e8b465ee728b)  -> (artifact id: '4d194858e4dd5690f0c9081591e7c7dc') in 0.007323 seconds 
  Import took 0.010348 seconds .

========================================================================
Received Import Request.
  Time since last request: 306.130235 seconds.
  path: Assets/AceArcadeMissiles/Demo/Scripts
  artifactKey: Guid(68d19b13014fa4047be4f279e28e7002) Importer(815301076,1909f56bfc062723c751e8b465ee728b)
Start importing Assets/AceArcadeMissiles/Demo/Scripts using Guid(68d19b13014fa4047be4f279e28e7002) Importer(815301076,1909f56bfc062723c751e8b465ee728b)  -> (artifact id: '9684a792770a3df369b287b1d38e7d18') in 0.010394 seconds 
  Import took 0.013968 seconds .

========================================================================
Received Import Request.
  Time since last request: 2.593947 seconds.
  path: Assets/AceArcadeMissiles/Demo/Scripts/AirToAirDrone.cs
  artifactKey: Guid(2b547a91006310049810c50fafb69ff2) Importer(815301076,1909f56bfc062723c751e8b465ee728b)
Start importing Assets/AceArcadeMissiles/Demo/Scripts/AirToAirDrone.cs using Guid(2b547a91006310049810c50fafb69ff2) Importer(815301076,1909f56bfc062723c751e8b465ee728b)  -> (artifact id: '6177f863064eb5535ee7a96bf1abf7b1') in 0.022444 seconds 
  Import took 0.026252 seconds .

========================================================================
Received Import Request.
  Time since last request: 6.774193 seconds.
  path: Assets/AceArcadeMissiles/Demo/Scripts/PlayerDrone.cs
  artifactKey: Guid(ac65155ec66729f45bafebd08ab5a7fc) Importer(815301076,1909f56bfc062723c751e8b465ee728b)
Start importing Assets/AceArcadeMissiles/Demo/Scripts/PlayerDrone.cs using Guid(ac65155ec66729f45bafebd08ab5a7fc) Importer(815301076,1909f56bfc062723c751e8b465ee728b)  -> (artifact id: '3844c601425fd8223f32731dda9d7ee6') in 0.009484 seconds 
  Import took 0.012172 seconds .

========================================================================
Received Import Request.
  Time since last request: 0.601272 seconds.
  path: Assets/AceArcadeMissiles/Demo/Scripts/SceneRestarter.cs
  artifactKey: Guid(98af563c5ee4546419649e40cf3bb888) Importer(815301076,1909f56bfc062723c751e8b465ee728b)
Start importing Assets/AceArcadeMissiles/Demo/Scripts/SceneRestarter.cs using Guid(98af563c5ee4546419649e40cf3bb888) Importer(815301076,1909f56bfc062723c751e8b465ee728b)  -> (artifact id: '2df0249536ffa4d1b80fb3ba1a88abba') in 0.009090 seconds 
  Import took 0.012299 seconds .

========================================================================
Received Import Request.
  Time since last request: 0.860500 seconds.
  path: Assets/AceArcadeMissiles/Demo/Scripts/LookAt.cs
  artifactKey: Guid(1c79d33feb6b7e84dab458578e25d01b) Importer(815301076,1909f56bfc062723c751e8b465ee728b)
Start importing Assets/AceArcadeMissiles/Demo/Scripts/LookAt.cs using Guid(1c79d33feb6b7e84dab458578e25d01b) Importer(815301076,1909f56bfc062723c751e8b465ee728b)  -> (artifact id: '2f24c1aab803d6e5ebdce8ba9385f2af') in 0.011317 seconds 
  Import took 0.014880 seconds .

========================================================================
Received Import Request.
  Time since last request: 13.775790 seconds.
  path: Assets/AceArcadeMissiles/Prefabs
  artifactKey: Guid(8857fb468a17b3b4485185b0e945df83) Importer(815301076,1909f56bfc062723c751e8b465ee728b)
Start importing Assets/AceArcadeMissiles/Prefabs using Guid(8857fb468a17b3b4485185b0e945df83) Importer(815301076,1909f56bfc062723c751e8b465ee728b)  -> (artifact id: 'c8be69be20ff89622518326a68bb4b51') in 0.014529 seconds 
  Import took 0.018367 seconds .

========================================================================
Received Import Request.
  Time since last request: 2.394066 seconds.
  path: Assets/AceArcadeMissiles/Documentation
  artifactKey: Guid(68e2ec962d7d13347bbae6606cf06102) Importer(815301076,1909f56bfc062723c751e8b465ee728b)
Start importing Assets/AceArcadeMissiles/Documentation using Guid(68e2ec962d7d13347bbae6606cf06102) Importer(815301076,1909f56bfc062723c751e8b465ee728b)  -> (artifact id: 'b45b1f8ba26404962c9588d0db3a6e29') in 0.010493 seconds 
  Import took 0.014544 seconds .

========================================================================
Received Import Request.
  Time since last request: 6.941430 seconds.
  path: Assets/AceArcadeMissiles/Prefabs/Effects
  artifactKey: Guid(1567f84761daa9143be1bebc1a5afb39) Importer(815301076,1909f56bfc062723c751e8b465ee728b)
Start importing Assets/AceArcadeMissiles/Prefabs/Effects using Guid(1567f84761daa9143be1bebc1a5afb39) Importer(815301076,1909f56bfc062723c751e8b465ee728b)  -> (artifact id: '44c52b50792d7a008d547741891b4f56') in 0.008592 seconds 
  Import took 0.012182 seconds .

========================================================================
Received Import Request.
  Time since last request: 0.093144 seconds.
  path: Assets/AceArcadeMissiles/Prefabs/Effects/FlameTrail.prefab
  artifactKey: Guid(71b61d81887e2d24aa707e7dc069d8da) Importer(815301076,1909f56bfc062723c751e8b465ee728b)
Start importing Assets/AceArcadeMissiles/Prefabs/Effects/FlameTrail.prefab using Guid(71b61d81887e2d24aa707e7dc069d8da) Importer(815301076,1909f56bfc062723c751e8b465ee728b)  -> (artifact id: 'f064c21aee01c20701cf0e24125a8821') in 0.106259 seconds 
  Import took 0.109390 seconds .

========================================================================
Received Import Request.
  Time since last request: 0.000209 seconds.
  path: Assets/AceArcadeMissiles/Prefabs/Effects/JitteredFlameTrail.prefab
  artifactKey: Guid(7ceb5b5561666c8448c6bec4a08bdb8c) Importer(815301076,1909f56bfc062723c751e8b465ee728b)
Start importing Assets/AceArcadeMissiles/Prefabs/Effects/JitteredFlameTrail.prefab using Guid(7ceb5b5561666c8448c6bec4a08bdb8c) Importer(815301076,1909f56bfc062723c751e8b465ee728b)  -> (artifact id: '599cba2c52a503965bc51e3208c3bf7b') in 0.021740 seconds 
  Import took 0.025089 seconds .

========================================================================
Received Import Request.
  Time since last request: 0.000288 seconds.
  path: Assets/AceArcadeMissiles/Prefabs/Effects/MissileExplosion.prefab
  artifactKey: Guid(3972534d344f3684697472572a92ed84) Importer(815301076,1909f56bfc062723c751e8b465ee728b)
Start importing Assets/AceArcadeMissiles/Prefabs/Effects/MissileExplosion.prefab using Guid(3972534d344f3684697472572a92ed84) Importer(815301076,1909f56bfc062723c751e8b465ee728b)  -> (artifact id: '028fb957249e9ec475afca69a9f45b94') in 0.066181 seconds 
  Import took 0.069600 seconds .

========================================================================
Received Import Request.
  Time since last request: 0.000204 seconds.
  path: Assets/AceArcadeMissiles/Prefabs/Effects/RibbonTrail.prefab
  artifactKey: Guid(e60de0e84ce42e0489a9e9e6df9746ec) Importer(815301076,1909f56bfc062723c751e8b465ee728b)
Start importing Assets/AceArcadeMissiles/Prefabs/Effects/RibbonTrail.prefab using Guid(e60de0e84ce42e0489a9e9e6df9746ec) Importer(815301076,1909f56bfc062723c751e8b465ee728b)  -> (artifact id: '5111f8da361fda99d5b73c35045dd813') in 0.017371 seconds 
  Import took 0.019991 seconds .

========================================================================
Received Import Request.
  Time since last request: 0.000281 seconds.
  path: Assets/AceArcadeMissiles/Prefabs/Effects/RocketFlameTrail.prefab
  artifactKey: Guid(79e5cbccf196da54580b4decbfdd495e) Importer(815301076,1909f56bfc062723c751e8b465ee728b)
Start importing Assets/AceArcadeMissiles/Prefabs/Effects/RocketFlameTrail.prefab using Guid(79e5cbccf196da54580b4decbfdd495e) Importer(815301076,1909f56bfc062723c751e8b465ee728b)  -> (artifact id: '76c47e9bbb89134437f7c24d0892088a') in 0.020737 seconds 
  Import took 0.023480 seconds .

========================================================================
Received Import Request.
  Time since last request: 2.644754 seconds.
  path: Assets/AceArcadeMissiles/Prefabs/Launchers
  artifactKey: Guid(02b3bcd648e9dd14d869f41996027df0) Importer(815301076,1909f56bfc062723c751e8b465ee728b)
Start importing Assets/AceArcadeMissiles/Prefabs/Launchers using Guid(02b3bcd648e9dd14d869f41996027df0) Importer(815301076,1909f56bfc062723c751e8b465ee728b)  -> (artifact id: '9cdd448cab5e270a911f56376c6ca365') in 0.007633 seconds 
  Import took 0.011388 seconds .

========================================================================
Received Import Request.
  Time since last request: 0.066485 seconds.
  path: Assets/AceArcadeMissiles/Prefabs/Launchers/DoubleRailStandard.prefab
  artifactKey: Guid(95ce2445efa7c3441abd789fb4b0cf80) Importer(815301076,1909f56bfc062723c751e8b465ee728b)
Start importing Assets/AceArcadeMissiles/Prefabs/Launchers/DoubleRailStandard.prefab using Guid(95ce2445efa7c3441abd789fb4b0cf80) Importer(815301076,1909f56bfc062723c751e8b465ee728b)  -> (artifact id: '9a09b4289d47f097cf2cf63b71cd65d3') in 0.098080 seconds 
  Import took 0.101258 seconds .

========================================================================
Received Import Request.
  Time since last request: 0.000217 seconds.
  path: Assets/AceArcadeMissiles/Prefabs/Launchers/SingleHardpointLongRange.prefab
  artifactKey: Guid(4dcaf428164ae8c4ebbb10e661cf9279) Importer(815301076,1909f56bfc062723c751e8b465ee728b)
Start importing Assets/AceArcadeMissiles/Prefabs/Launchers/SingleHardpointLongRange.prefab using Guid(4dcaf428164ae8c4ebbb10e661cf9279) Importer(815301076,1909f56bfc062723c751e8b465ee728b)  -> (artifact id: '35de1763ab7fabaa1764c6f7b6f43e7e') in 0.019244 seconds 
  Import took 0.022885 seconds .

========================================================================
Received Import Request.
  Time since last request: 0.000264 seconds.
  path: Assets/AceArcadeMissiles/Prefabs/Launchers/Rocket Pod.prefab
  artifactKey: Guid(ab8292f7fba08ec4d939cac54314da73) Importer(815301076,1909f56bfc062723c751e8b465ee728b)
Start importing Assets/AceArcadeMissiles/Prefabs/Launchers/Rocket Pod.prefab using Guid(ab8292f7fba08ec4d939cac54314da73) Importer(815301076,1909f56bfc062723c751e8b465ee728b)  -> (artifact id: '526b4e1adb4c84b792fee5080f294a3d') in 0.023127 seconds 
  Import took 0.025840 seconds .

========================================================================
Received Import Request.
  Time since last request: 15.813621 seconds.
  path: Assets/AceArcadeMissiles/Prefabs/Missiles
  artifactKey: Guid(e11df738da8221b48ad3bbf64f1fe18c) Importer(815301076,1909f56bfc062723c751e8b465ee728b)
Start importing Assets/AceArcadeMissiles/Prefabs/Missiles using Guid(e11df738da8221b48ad3bbf64f1fe18c) Importer(815301076,1909f56bfc062723c751e8b465ee728b)  -> (artifact id: 'f1bf1df9b222cfe0f216e5c766db342b') in 0.012879 seconds 
  Import took 0.015619 seconds .

========================================================================
Received Import Request.
  Time since last request: 0.069750 seconds.
  path: Assets/AceArcadeMissiles/Prefabs/Missiles/LongRangeMissile.prefab
  artifactKey: Guid(f171319a71e676b4d83a445f36c5a17a) Importer(815301076,1909f56bfc062723c751e8b465ee728b)
Start importing Assets/AceArcadeMissiles/Prefabs/Missiles/LongRangeMissile.prefab using Guid(f171319a71e676b4d83a445f36c5a17a) Importer(815301076,1909f56bfc062723c751e8b465ee728b)  -> (artifact id: '2aa09fdffd268329055d166cf4a5c842') in 0.020424 seconds 
  Import took 0.023856 seconds .

========================================================================
Received Import Request.
  Time since last request: 0.000248 seconds.
  path: Assets/AceArcadeMissiles/Prefabs/Missiles/Rocket.prefab
  artifactKey: Guid(1bf9734e880e27246ae332bc1c7f1c99) Importer(815301076,1909f56bfc062723c751e8b465ee728b)
Start importing Assets/AceArcadeMissiles/Prefabs/Missiles/Rocket.prefab using Guid(1bf9734e880e27246ae332bc1c7f1c99) Importer(815301076,1909f56bfc062723c751e8b465ee728b)  -> (artifact id: 'f29bbcf69985e5429ac48302dc080869') in 0.017205 seconds 
  Import took 0.020781 seconds .

========================================================================
Received Import Request.
  Time since last request: 0.000309 seconds.
  path: Assets/AceArcadeMissiles/Prefabs/Missiles/StandardMissile.prefab
  artifactKey: Guid(b1955ce2c17043e4e98f79d54764c834) Importer(815301076,1909f56bfc062723c751e8b465ee728b)
Start importing Assets/AceArcadeMissiles/Prefabs/Missiles/StandardMissile.prefab using Guid(b1955ce2c17043e4e98f79d54764c834) Importer(815301076,1909f56bfc062723c751e8b465ee728b)  -> (artifact id: '0ec13e8112bae81ee96847ea8053b353') in 0.020996 seconds 
  Import took 0.024086 seconds .

========================================================================
Received Prepare
Registering precompiled user dll's ...
Registered in 0.002332 seconds.
Begin MonoManager ReloadAssembly
Native extension for WindowsStandalone target not found
Native extension for WebGL target not found
Refreshing native plugins compatible for Editor in 0.34 ms, found 2 plugins.
Preloading 0 native plugins for Editor in 0.00 ms.
Mono: successfully reloaded assembly
- Completed reload, in  0.863 seconds
Domain Reload Profiling:
	ReloadAssembly (864ms)
		BeginReloadAssembly (100ms)
			ExecutionOrderSort (0ms)
			DisableScriptedObjects (4ms)
			BackupInstance (0ms)
			ReleaseScriptingObjects (0ms)
			CreateAndSetChildDomain (32ms)
		EndReloadAssembly (705ms)
			LoadAssemblies (73ms)
			RebuildTransferFunctionScriptingTraits (0ms)
			SetupTypeCache (247ms)
			ReleaseScriptCaches (1ms)
			RebuildScriptCaches (37ms)
			SetupLoadedEditorAssemblies (260ms)
				LogAssemblyErrors (0ms)
				InitializePlatformSupportModulesInManaged (6ms)
				SetLoadedEditorAssemblies (0ms)
				RefreshPlugins (0ms)
				BeforeProcessingInitializeOnLoad (65ms)
				ProcessInitializeOnLoadAttributes (180ms)
				ProcessInitializeOnLoadMethodAttributes (3ms)
				AfterProcessingInitializeOnLoad (6ms)
				EditorAssembliesLoaded (0ms)
			ExecutionOrderSort2 (0ms)
			AwakeInstancesAfterBackupRestoration (6ms)
Platform modules already initialized, skipping
Refreshing native plugins compatible for Editor in 0.33 ms, found 2 plugins.
Preloading 0 native plugins for Editor in 0.00 ms.
Unloading 1406 Unused Serialized files (Serialized files now loaded: 0)
System memory in use before: 68.4 MB.
System memory in use after: 68.5 MB.

Unloading 13 unused Assets to reduce memory usage. Loaded Objects now: 1861.
Total: 3.000300 ms (FindLiveObjects: 0.223700 ms CreateObjectMapping: 0.060400 ms MarkObjects: 2.663300 ms  DeleteObjects: 0.050200 ms)

AssetImportParameters requested are different than current active one (requested -> active):
  custom:framework-win-MediaFoundation: 216162199b28c13a410421893ffa2e32 -> 
  custom:video-decoder-ogg-theora: a1e56fd34408186e4bbccfd4996cb3dc -> 
  custom:container-muxer-webm: aa71ff27fc2769a1b78a27578f13a17b -> 
  custom:container-demuxer-webm: 4f35f7cbe854078d1ac9338744f61a02 -> 
  custom:container-demuxer-ogg: 62fdf1f143b41e24485cea50d1cbac27 -> 
  custom:video-encoder-webm-vp8: eb34c28f22e8b96e1ab97ce403110664 -> 
  custom:video-decoder-webm-vp8: 9c59270c3fd7afecdb556c50c9e8de78 -> 
  custom:audio-decoder-ogg-vorbis: bf7c407c2cedff20999df2af8eb42d56 -> 
  custom:audio-encoder-webm-vorbis: bf7c407c2cedff20999df2af8eb42d56 -> 
========================================================================
Received Import Request.
  Time since last request: 441.487423 seconds.
  path: Assets/AceArcadeMissiles/Scripts/AAEnableLightOnEffectPlay.cs
  artifactKey: Guid(669940e14d3f6ab40a497949437c10e4) Importer(815301076,1909f56bfc062723c751e8b465ee728b)
Start importing Assets/AceArcadeMissiles/Scripts/AAEnableLightOnEffectPlay.cs using Guid(669940e14d3f6ab40a497949437c10e4) Importer(815301076,1909f56bfc062723c751e8b465ee728b)  -> (artifact id: '539a0687fe43b8d86b1281415a4ed42d') in 0.011798 seconds 
  Import took 0.014908 seconds .

========================================================================
Received Import Request.
  Time since last request: 0.500885 seconds.
  path: Assets/AceArcadeMissiles/Scripts/AAHardpoint.cs
  artifactKey: Guid(e1eae25a54260274ba7300975c91efb3) Importer(815301076,1909f56bfc062723c751e8b465ee728b)
Start importing Assets/AceArcadeMissiles/Scripts/AAHardpoint.cs using Guid(e1eae25a54260274ba7300975c91efb3) Importer(815301076,1909f56bfc062723c751e8b465ee728b)  -> (artifact id: '7d80134b8e78e45503e69c04dadd3f8f') in 0.006666 seconds 
  Import took 0.010041 seconds .

========================================================================
Received Import Request.
  Time since last request: 1.733724 seconds.
  path: Assets/AceArcadeMissiles/Scripts/AALauncher.cs
  artifactKey: Guid(f7e2e418d5894f84997521314b35646f) Importer(815301076,1909f56bfc062723c751e8b465ee728b)
Start importing Assets/AceArcadeMissiles/Scripts/AALauncher.cs using Guid(f7e2e418d5894f84997521314b35646f) Importer(815301076,1909f56bfc062723c751e8b465ee728b)  -> (artifact id: 'd84847411fe37d93362d263ffb99bc32') in 0.007255 seconds 
  Import took 0.010641 seconds .

========================================================================
Received Import Request.
  Time since last request: 178.948266 seconds.
  path: Assets/AceArcadeMissiles/Demo/MissileFlight
  artifactKey: Guid(671bba519e612cd4f8b03dedf5230414) Importer(815301076,1909f56bfc062723c751e8b465ee728b)
Start importing Assets/AceArcadeMissiles/Demo/MissileFlight using Guid(671bba519e612cd4f8b03dedf5230414) Importer(815301076,1909f56bfc062723c751e8b465ee728b)  -> (artifact id: '1bd588863da93f1431dafd1a986fa219') in 0.010721 seconds 
  Import took 0.013239 seconds .

========================================================================
Received Import Request.
  Time since last request: 0.072668 seconds.
  path: Assets/AceArcadeMissiles/Demo/MissileFlight/LightingData.asset
  artifactKey: Guid(39ac9e2fcc3d0f346a3a2f9d630b1b72) Importer(815301076,1909f56bfc062723c751e8b465ee728b)
Start importing Assets/AceArcadeMissiles/Demo/MissileFlight/LightingData.asset using Guid(39ac9e2fcc3d0f346a3a2f9d630b1b72) Importer(815301076,1909f56bfc062723c751e8b465ee728b) Lighting data asset ‘LightingData’ is incompatible with the current Unity version. Please use Generate Lighting to rebuild the lighting data.  Realtime Global Illumination cannot be used until the lighting data is rebuilt.
 -> (artifact id: '6df9d3e2829e0382a1acab7ad4633ebc') in 0.022737 seconds 
  Import took 0.027079 seconds .

========================================================================
Received Import Request.
  Time since last request: 0.000273 seconds.
  path: Assets/AceArcadeMissiles/Demo/MissileFlight/ReflectionProbe-0.exr
  artifactKey: Guid(c4b3da23e33241c41b3d61d3610625d6) Importer(815301076,1909f56bfc062723c751e8b465ee728b)
Start importing Assets/AceArcadeMissiles/Demo/MissileFlight/ReflectionProbe-0.exr using Guid(c4b3da23e33241c41b3d61d3610625d6) Importer(815301076,1909f56bfc062723c751e8b465ee728b)  -> (artifact id: '96ad575d80c6ce221966ca621850809a') in 0.059705 seconds 
  Import took 0.062025 seconds .

========================================================================
Received Import Request.
  Time since last request: 3.570616 seconds.
  path: Assets/AceArcadeMissiles/Demo/Drone
  artifactKey: Guid(bb9d6803cff117c428a43495ab0c3206) Importer(815301076,1909f56bfc062723c751e8b465ee728b)
Start importing Assets/AceArcadeMissiles/Demo/Drone using Guid(bb9d6803cff117c428a43495ab0c3206) Importer(815301076,1909f56bfc062723c751e8b465ee728b)  -> (artifact id: '54cd941e1311a69b5493dee29b29c43c') in 0.008730 seconds 
  Import took 0.011522 seconds .

========================================================================
Received Import Request.
  Time since last request: 0.065153 seconds.
  path: Assets/AceArcadeMissiles/Demo/Drone/SelectBox.png
  artifactKey: Guid(c5e02fb6b89149d42be23d7726b1690e) Importer(815301076,1909f56bfc062723c751e8b465ee728b)
Start importing Assets/AceArcadeMissiles/Demo/Drone/SelectBox.png using Guid(c5e02fb6b89149d42be23d7726b1690e) Importer(815301076,1909f56bfc062723c751e8b465ee728b)  -> (artifact id: 'ee156988f157b659bf48ba2d33e5e9b9') in 0.032184 seconds 
  Import took 0.035812 seconds .

========================================================================
Received Import Request.
  Time since last request: 136.712077 seconds.
  path: Assets/AceArcadeMissiles/Demo/Scenery/Grid.psd
  artifactKey: Guid(9b046c1ce95ff7f4d92593dc1d26b74e) Importer(815301076,1909f56bfc062723c751e8b465ee728b)
Start importing Assets/AceArcadeMissiles/Demo/Scenery/Grid.psd using Guid(9b046c1ce95ff7f4d92593dc1d26b74e) Importer(815301076,1909f56bfc062723c751e8b465ee728b)  -> (artifact id: 'ed1bfde5eee932ec3708759048021c0c') in 0.017334 seconds 
  Import took 0.020156 seconds .

========================================================================
Received Import Request.
  Time since last request: 0.000210 seconds.
  path: Assets/AceArcadeMissiles/Demo/Scenery/Ground.mat
  artifactKey: Guid(a0f452fcf147b1d4f899587132649063) Importer(815301076,1909f56bfc062723c751e8b465ee728b)
Start importing Assets/AceArcadeMissiles/Demo/Scenery/Ground.mat using Guid(a0f452fcf147b1d4f899587132649063) Importer(815301076,1909f56bfc062723c751e8b465ee728b)  -> (artifact id: 'd5bb9d6df8cc6389b0abd233ab7ac0ca') in 0.093349 seconds 
  Import took 0.095714 seconds .

========================================================================
Received Prepare
Registering precompiled user dll's ...
Registered in 0.002210 seconds.
Begin MonoManager ReloadAssembly
Native extension for WindowsStandalone target not found
Native extension for WebGL target not found
Refreshing native plugins compatible for Editor in 0.34 ms, found 2 plugins.
Preloading 0 native plugins for Editor in 0.00 ms.
Mono: successfully reloaded assembly
- Completed reload, in  0.894 seconds
Domain Reload Profiling:
	ReloadAssembly (894ms)
		BeginReloadAssembly (110ms)
			ExecutionOrderSort (0ms)
			DisableScriptedObjects (4ms)
			BackupInstance (0ms)
			ReleaseScriptingObjects (0ms)
			CreateAndSetChildDomain (35ms)
		EndReloadAssembly (721ms)
			LoadAssemblies (73ms)
			RebuildTransferFunctionScriptingTraits (0ms)
			SetupTypeCache (256ms)
			ReleaseScriptCaches (1ms)
			RebuildScriptCaches (35ms)
			SetupLoadedEditorAssemblies (261ms)
				LogAssemblyErrors (0ms)
				InitializePlatformSupportModulesInManaged (5ms)
				SetLoadedEditorAssemblies (0ms)
				RefreshPlugins (0ms)
				BeforeProcessingInitializeOnLoad (64ms)
				ProcessInitializeOnLoadAttributes (182ms)
				ProcessInitializeOnLoadMethodAttributes (3ms)
				AfterProcessingInitializeOnLoad (5ms)
				EditorAssembliesLoaded (0ms)
			ExecutionOrderSort2 (0ms)
			AwakeInstancesAfterBackupRestoration (7ms)
Platform modules already initialized, skipping
Refreshing native plugins compatible for Editor in 0.33 ms, found 2 plugins.
Preloading 0 native plugins for Editor in 0.00 ms.
Unloading 1406 Unused Serialized files (Serialized files now loaded: 0)
System memory in use before: 68.7 MB.
System memory in use after: 68.9 MB.

Unloading 11 unused Assets to reduce memory usage. Loaded Objects now: 1902.
Total: 4.041200 ms (FindLiveObjects: 0.307100 ms CreateObjectMapping: 0.085000 ms MarkObjects: 3.626700 ms  DeleteObjects: 0.019600 ms)

AssetImportParameters requested are different than current active one (requested -> active):
  custom:framework-win-MediaFoundation: 216162199b28c13a410421893ffa2e32 -> 
  custom:video-decoder-ogg-theora: a1e56fd34408186e4bbccfd4996cb3dc -> 
  custom:container-muxer-webm: aa71ff27fc2769a1b78a27578f13a17b -> 
  custom:container-demuxer-webm: 4f35f7cbe854078d1ac9338744f61a02 -> 
  custom:container-demuxer-ogg: 62fdf1f143b41e24485cea50d1cbac27 -> 
  custom:video-encoder-webm-vp8: eb34c28f22e8b96e1ab97ce403110664 -> 
  custom:video-decoder-webm-vp8: 9c59270c3fd7afecdb556c50c9e8de78 -> 
  custom:audio-decoder-ogg-vorbis: bf7c407c2cedff20999df2af8eb42d56 -> 
  custom:audio-encoder-webm-vorbis: bf7c407c2cedff20999df2af8eb42d56 -> 
========================================================================
Received Import Request.
  Time since last request: 320.737395 seconds.
  path: Assets/AceArcadeMissiles/Demo/Scripts/PlayerDrone.cs
  artifactKey: Guid(ac65155ec66729f45bafebd08ab5a7fc) Importer(815301076,1909f56bfc062723c751e8b465ee728b)
Start importing Assets/AceArcadeMissiles/Demo/Scripts/PlayerDrone.cs using Guid(ac65155ec66729f45bafebd08ab5a7fc) Importer(815301076,1909f56bfc062723c751e8b465ee728b)  -> (artifact id: '50544f6b7518aa85c0017bc8db995e22') in 0.009151 seconds 
  Import took 0.012013 seconds .

========================================================================
Received Prepare
Registering precompiled user dll's ...
Registered in 0.002293 seconds.
Begin MonoManager ReloadAssembly
Native extension for WindowsStandalone target not found
Native extension for WebGL target not found
Refreshing native plugins compatible for Editor in 0.34 ms, found 2 plugins.
Preloading 0 native plugins for Editor in 0.00 ms.
Mono: successfully reloaded assembly
- Completed reload, in  0.886 seconds
Domain Reload Profiling:
	ReloadAssembly (886ms)
		BeginReloadAssembly (107ms)
			ExecutionOrderSort (0ms)
			DisableScriptedObjects (4ms)
			BackupInstance (0ms)
			ReleaseScriptingObjects (0ms)
			CreateAndSetChildDomain (36ms)
		EndReloadAssembly (720ms)
			LoadAssemblies (81ms)
			RebuildTransferFunctionScriptingTraits (0ms)
			SetupTypeCache (246ms)
			ReleaseScriptCaches (1ms)
			RebuildScriptCaches (38ms)
			SetupLoadedEditorAssemblies (266ms)
				LogAssemblyErrors (0ms)
				InitializePlatformSupportModulesInManaged (5ms)
				SetLoadedEditorAssemblies (0ms)
				RefreshPlugins (0ms)
				BeforeProcessingInitializeOnLoad (74ms)
				ProcessInitializeOnLoadAttributes (174ms)
				ProcessInitializeOnLoadMethodAttributes (5ms)
				AfterProcessingInitializeOnLoad (6ms)
				EditorAssembliesLoaded (1ms)
			ExecutionOrderSort2 (0ms)
			AwakeInstancesAfterBackupRestoration (6ms)
Platform modules already initialized, skipping
Refreshing native plugins compatible for Editor in 0.41 ms, found 2 plugins.
Preloading 0 native plugins for Editor in 0.00 ms.
Unloading 1406 Unused Serialized files (Serialized files now loaded: 0)
System memory in use before: 68.8 MB.
System memory in use after: 68.9 MB.

Unloading 11 unused Assets to reduce memory usage. Loaded Objects now: 1904.
Total: 3.354100 ms (FindLiveObjects: 0.238100 ms CreateObjectMapping: 0.062100 ms MarkObjects: 3.030300 ms  DeleteObjects: 0.021900 ms)

AssetImportParameters requested are different than current active one (requested -> active):
  custom:framework-win-MediaFoundation: 216162199b28c13a410421893ffa2e32 -> 
  custom:video-decoder-ogg-theora: a1e56fd34408186e4bbccfd4996cb3dc -> 
  custom:container-muxer-webm: aa71ff27fc2769a1b78a27578f13a17b -> 
  custom:container-demuxer-webm: 4f35f7cbe854078d1ac9338744f61a02 -> 
  custom:container-demuxer-ogg: 62fdf1f143b41e24485cea50d1cbac27 -> 
  custom:video-encoder-webm-vp8: eb34c28f22e8b96e1ab97ce403110664 -> 
  custom:video-decoder-webm-vp8: 9c59270c3fd7afecdb556c50c9e8de78 -> 
  custom:audio-decoder-ogg-vorbis: bf7c407c2cedff20999df2af8eb42d56 -> 
  custom:audio-encoder-webm-vorbis: bf7c407c2cedff20999df2af8eb42d56 -> 
========================================================================
Received Prepare
Registering precompiled user dll's ...
Registered in 0.003687 seconds.
Begin MonoManager ReloadAssembly
Native extension for WindowsStandalone target not found
Native extension for WebGL target not found
Refreshing native plugins compatible for Editor in 0.35 ms, found 2 plugins.
Preloading 0 native plugins for Editor in 0.00 ms.
Mono: successfully reloaded assembly
- Completed reload, in  0.861 seconds
Domain Reload Profiling:
	ReloadAssembly (862ms)
		BeginReloadAssembly (96ms)
			ExecutionOrderSort (0ms)
			DisableScriptedObjects (4ms)
			BackupInstance (0ms)
			ReleaseScriptingObjects (0ms)
			CreateAndSetChildDomain (31ms)
		EndReloadAssembly (707ms)
			LoadAssemblies (76ms)
			RebuildTransferFunctionScriptingTraits (0ms)
			SetupTypeCache (244ms)
			ReleaseScriptCaches (1ms)
			RebuildScriptCaches (36ms)
			SetupLoadedEditorAssemblies (261ms)
				LogAssemblyErrors (0ms)
				InitializePlatformSupportModulesInManaged (6ms)
				SetLoadedEditorAssemblies (0ms)
				RefreshPlugins (0ms)
				BeforeProcessingInitializeOnLoad (66ms)
				ProcessInitializeOnLoadAttributes (180ms)
				ProcessInitializeOnLoadMethodAttributes (3ms)
				AfterProcessingInitializeOnLoad (5ms)
				EditorAssembliesLoaded (0ms)
			ExecutionOrderSort2 (0ms)
			AwakeInstancesAfterBackupRestoration (6ms)
Platform modules already initialized, skipping
Refreshing native plugins compatible for Editor in 0.33 ms, found 2 plugins.
Preloading 0 native plugins for Editor in 0.00 ms.
Unloading 1406 Unused Serialized files (Serialized files now loaded: 0)
System memory in use before: 68.8 MB.
System memory in use after: 68.9 MB.

Unloading 11 unused Assets to reduce memory usage. Loaded Objects now: 1906.
Total: 3.124800 ms (FindLiveObjects: 0.247700 ms CreateObjectMapping: 0.064000 ms MarkObjects: 2.788900 ms  DeleteObjects: 0.022600 ms)

AssetImportParameters requested are different than current active one (requested -> active):
  custom:framework-win-MediaFoundation: 216162199b28c13a410421893ffa2e32 -> 
  custom:video-decoder-ogg-theora: a1e56fd34408186e4bbccfd4996cb3dc -> 
  custom:container-muxer-webm: aa71ff27fc2769a1b78a27578f13a17b -> 
  custom:container-demuxer-webm: 4f35f7cbe854078d1ac9338744f61a02 -> 
  custom:container-demuxer-ogg: 62fdf1f143b41e24485cea50d1cbac27 -> 
  custom:video-encoder-webm-vp8: eb34c28f22e8b96e1ab97ce403110664 -> 
  custom:video-decoder-webm-vp8: 9c59270c3fd7afecdb556c50c9e8de78 -> 
  custom:audio-decoder-ogg-vorbis: bf7c407c2cedff20999df2af8eb42d56 -> 
  custom:audio-encoder-webm-vorbis: bf7c407c2cedff20999df2af8eb42d56 -> 
========================================================================
Received Prepare
Registering precompiled user dll's ...
Registered in 0.002312 seconds.
Begin MonoManager ReloadAssembly
Native extension for WindowsStandalone target not found
Native extension for WebGL target not found
Refreshing native plugins compatible for Editor in 0.35 ms, found 2 plugins.
Preloading 0 native plugins for Editor in 0.00 ms.
Mono: successfully reloaded assembly
- Completed reload, in  0.881 seconds
Domain Reload Profiling:
	ReloadAssembly (882ms)
		BeginReloadAssembly (114ms)
			ExecutionOrderSort (0ms)
			DisableScriptedObjects (4ms)
			BackupInstance (0ms)
			ReleaseScriptingObjects (0ms)
			CreateAndSetChildDomain (43ms)
		EndReloadAssembly (708ms)
			LoadAssemblies (82ms)
			RebuildTransferFunctionScriptingTraits (0ms)
			SetupTypeCache (246ms)
			ReleaseScriptCaches (1ms)
			RebuildScriptCaches (38ms)
			SetupLoadedEditorAssemblies (259ms)
				LogAssemblyErrors (0ms)
				InitializePlatformSupportModulesInManaged (5ms)
				SetLoadedEditorAssemblies (1ms)
				RefreshPlugins (0ms)
				BeforeProcessingInitializeOnLoad (68ms)
				ProcessInitializeOnLoadAttributes (177ms)
				ProcessInitializeOnLoadMethodAttributes (3ms)
				AfterProcessingInitializeOnLoad (5ms)
				EditorAssembliesLoaded (0ms)
			ExecutionOrderSort2 (0ms)
			AwakeInstancesAfterBackupRestoration (6ms)
Platform modules already initialized, skipping
Refreshing native plugins compatible for Editor in 0.33 ms, found 2 plugins.
Preloading 0 native plugins for Editor in 0.00 ms.
Unloading 1406 Unused Serialized files (Serialized files now loaded: 0)
System memory in use before: 68.8 MB.
System memory in use after: 68.9 MB.

Unloading 11 unused Assets to reduce memory usage. Loaded Objects now: 1908.
Total: 2.876700 ms (FindLiveObjects: 0.238900 ms CreateObjectMapping: 0.061600 ms MarkObjects: 2.555800 ms  DeleteObjects: 0.019000 ms)

AssetImportParameters requested are different than current active one (requested -> active):
  custom:framework-win-MediaFoundation: 216162199b28c13a410421893ffa2e32 -> 
  custom:video-decoder-ogg-theora: a1e56fd34408186e4bbccfd4996cb3dc -> 
  custom:container-muxer-webm: aa71ff27fc2769a1b78a27578f13a17b -> 
  custom:container-demuxer-webm: 4f35f7cbe854078d1ac9338744f61a02 -> 
  custom:container-demuxer-ogg: 62fdf1f143b41e24485cea50d1cbac27 -> 
  custom:video-encoder-webm-vp8: eb34c28f22e8b96e1ab97ce403110664 -> 
  custom:video-decoder-webm-vp8: 9c59270c3fd7afecdb556c50c9e8de78 -> 
  custom:audio-decoder-ogg-vorbis: bf7c407c2cedff20999df2af8eb42d56 -> 
  custom:audio-encoder-webm-vorbis: bf7c407c2cedff20999df2af8eb42d56 -> 
========================================================================
Received Import Request.
  Time since last request: 241.393077 seconds.
  path: ProjectSettings/TagManager.asset
  artifactKey: Guid(00000000000000003000000000000000) Importer(815301076,1909f56bfc062723c751e8b465ee728b)
Start importing ProjectSettings/TagManager.asset using Guid(00000000000000003000000000000000) Importer(815301076,1909f56bfc062723c751e8b465ee728b)  -> (artifact id: 'c19c0680d97c8309370099db4fb90c3f') in 0.018887 seconds 
  Import took 0.021692 seconds .

========================================================================
Received Prepare
Registering precompiled user dll's ...
Registered in 0.002199 seconds.
Begin MonoManager ReloadAssembly
Native extension for WindowsStandalone target not found
Native extension for WebGL target not found
Refreshing native plugins compatible for Editor in 0.34 ms, found 2 plugins.
Preloading 0 native plugins for Editor in 0.00 ms.
Mono: successfully reloaded assembly
- Completed reload, in  0.864 seconds
Domain Reload Profiling:
	ReloadAssembly (865ms)
		BeginReloadAssembly (109ms)
			ExecutionOrderSort (0ms)
			DisableScriptedObjects (4ms)
			BackupInstance (0ms)
			ReleaseScriptingObjects (0ms)
			CreateAndSetChildDomain (31ms)
		EndReloadAssembly (697ms)
			LoadAssemblies (77ms)
			RebuildTransferFunctionScriptingTraits (0ms)
			SetupTypeCache (245ms)
			ReleaseScriptCaches (1ms)
			RebuildScriptCaches (34ms)
			SetupLoadedEditorAssemblies (251ms)
				LogAssemblyErrors (0ms)
				InitializePlatformSupportModulesInManaged (5ms)
				SetLoadedEditorAssemblies (0ms)
				RefreshPlugins (0ms)
				BeforeProcessingInitializeOnLoad (63ms)
				ProcessInitializeOnLoadAttributes (174ms)
				ProcessInitializeOnLoadMethodAttributes (3ms)
				AfterProcessingInitializeOnLoad (5ms)
				EditorAssembliesLoaded (0ms)
			ExecutionOrderSort2 (0ms)
			AwakeInstancesAfterBackupRestoration (6ms)
Platform modules already initialized, skipping
Refreshing native plugins compatible for Editor in 0.35 ms, found 2 plugins.
Preloading 0 native plugins for Editor in 0.00 ms.
Unloading 1406 Unused Serialized files (Serialized files now loaded: 0)
System memory in use before: 68.8 MB.
System memory in use after: 68.9 MB.

Unloading 12 unused Assets to reduce memory usage. Loaded Objects now: 1910.
Total: 3.770700 ms (FindLiveObjects: 0.224300 ms CreateObjectMapping: 0.063100 ms MarkObjects: 3.462900 ms  DeleteObjects: 0.018600 ms)

AssetImportParameters requested are different than current active one (requested -> active):
  custom:framework-win-MediaFoundation: 216162199b28c13a410421893ffa2e32 -> 
  custom:video-decoder-ogg-theora: a1e56fd34408186e4bbccfd4996cb3dc -> 
  custom:container-muxer-webm: aa71ff27fc2769a1b78a27578f13a17b -> 
  custom:container-demuxer-webm: 4f35f7cbe854078d1ac9338744f61a02 -> 
  custom:container-demuxer-ogg: 62fdf1f143b41e24485cea50d1cbac27 -> 
  custom:video-encoder-webm-vp8: eb34c28f22e8b96e1ab97ce403110664 -> 
  custom:video-decoder-webm-vp8: 9c59270c3fd7afecdb556c50c9e8de78 -> 
  custom:audio-decoder-ogg-vorbis: bf7c407c2cedff20999df2af8eb42d56 -> 
  custom:audio-encoder-webm-vorbis: bf7c407c2cedff20999df2af8eb42d56 -> 
========================================================================
Received Prepare
Registering precompiled user dll's ...
Registered in 0.002182 seconds.
Begin MonoManager ReloadAssembly
Native extension for WindowsStandalone target not found
Native extension for WebGL target not found
Refreshing native plugins compatible for Editor in 0.36 ms, found 2 plugins.
Preloading 0 native plugins for Editor in 0.00 ms.
Mono: successfully reloaded assembly
- Completed reload, in  0.886 seconds
Domain Reload Profiling:
	ReloadAssembly (887ms)
		BeginReloadAssembly (99ms)
			ExecutionOrderSort (0ms)
			DisableScriptedObjects (4ms)
			BackupInstance (0ms)
			ReleaseScriptingObjects (0ms)
			CreateAndSetChildDomain (30ms)
		EndReloadAssembly (714ms)
			LoadAssemblies (77ms)
			RebuildTransferFunctionScriptingTraits (0ms)
			SetupTypeCache (252ms)
			ReleaseScriptCaches (1ms)
			RebuildScriptCaches (38ms)
			SetupLoadedEditorAssemblies (255ms)
				LogAssemblyErrors (0ms)
				InitializePlatformSupportModulesInManaged (5ms)
				SetLoadedEditorAssemblies (0ms)
				RefreshPlugins (0ms)
				BeforeProcessingInitializeOnLoad (67ms)
				ProcessInitializeOnLoadAttributes (174ms)
				ProcessInitializeOnLoadMethodAttributes (3ms)
				AfterProcessingInitializeOnLoad (5ms)
				EditorAssembliesLoaded (0ms)
			ExecutionOrderSort2 (0ms)
			AwakeInstancesAfterBackupRestoration (6ms)
Platform modules already initialized, skipping
Refreshing native plugins compatible for Editor in 0.34 ms, found 2 plugins.
Preloading 0 native plugins for Editor in 0.00 ms.
Unloading 1406 Unused Serialized files (Serialized files now loaded: 0)
System memory in use before: 68.8 MB.
System memory in use after: 68.9 MB.

Unloading 11 unused Assets to reduce memory usage. Loaded Objects now: 1912.
Total: 3.766100 ms (FindLiveObjects: 0.368100 ms CreateObjectMapping: 0.135700 ms MarkObjects: 3.239800 ms  DeleteObjects: 0.020900 ms)

AssetImportParameters requested are different than current active one (requested -> active):
  custom:framework-win-MediaFoundation: 216162199b28c13a410421893ffa2e32 -> 
  custom:video-decoder-ogg-theora: a1e56fd34408186e4bbccfd4996cb3dc -> 
  custom:container-muxer-webm: aa71ff27fc2769a1b78a27578f13a17b -> 
  custom:container-demuxer-webm: 4f35f7cbe854078d1ac9338744f61a02 -> 
  custom:container-demuxer-ogg: 62fdf1f143b41e24485cea50d1cbac27 -> 
  custom:video-encoder-webm-vp8: eb34c28f22e8b96e1ab97ce403110664 -> 
  custom:video-decoder-webm-vp8: 9c59270c3fd7afecdb556c50c9e8de78 -> 
  custom:audio-decoder-ogg-vorbis: bf7c407c2cedff20999df2af8eb42d56 -> 
  custom:audio-encoder-webm-vorbis: bf7c407c2cedff20999df2af8eb42d56 -> 
========================================================================
Received Prepare
Registering precompiled user dll's ...
Registered in 0.002225 seconds.
Begin MonoManager ReloadAssembly
Native extension for WindowsStandalone target not found
Native extension for WebGL target not found
Refreshing native plugins compatible for Editor in 0.35 ms, found 2 plugins.
Preloading 0 native plugins for Editor in 0.00 ms.
Mono: successfully reloaded assembly
- Completed reload, in  0.891 seconds
Domain Reload Profiling:
	ReloadAssembly (891ms)
		BeginReloadAssembly (99ms)
			ExecutionOrderSort (0ms)
			DisableScriptedObjects (5ms)
			BackupInstance (0ms)
			ReleaseScriptingObjects (0ms)
			CreateAndSetChildDomain (32ms)
		EndReloadAssembly (731ms)
			LoadAssemblies (77ms)
			RebuildTransferFunctionScriptingTraits (0ms)
			SetupTypeCache (248ms)
			ReleaseScriptCaches (1ms)
			RebuildScriptCaches (39ms)
			SetupLoadedEditorAssemblies (271ms)
				LogAssemblyErrors (0ms)
				InitializePlatformSupportModulesInManaged (6ms)
				SetLoadedEditorAssemblies (0ms)
				RefreshPlugins (0ms)
				BeforeProcessingInitializeOnLoad (70ms)
				ProcessInitializeOnLoadAttributes (183ms)
				ProcessInitializeOnLoadMethodAttributes (3ms)
				AfterProcessingInitializeOnLoad (7ms)
				EditorAssembliesLoaded (0ms)
			ExecutionOrderSort2 (0ms)
			AwakeInstancesAfterBackupRestoration (7ms)
Platform modules already initialized, skipping
Refreshing native plugins compatible for Editor in 0.35 ms, found 2 plugins.
Preloading 0 native plugins for Editor in 0.00 ms.
Unloading 1406 Unused Serialized files (Serialized files now loaded: 0)
System memory in use before: 68.8 MB.
System memory in use after: 68.9 MB.

Unloading 11 unused Assets to reduce memory usage. Loaded Objects now: 1914.
Total: 3.020200 ms (FindLiveObjects: 0.196800 ms CreateObjectMapping: 0.032700 ms MarkObjects: 2.769300 ms  DeleteObjects: 0.019400 ms)

AssetImportParameters requested are different than current active one (requested -> active):
  custom:framework-win-MediaFoundation: 216162199b28c13a410421893ffa2e32 -> 
  custom:video-decoder-ogg-theora: a1e56fd34408186e4bbccfd4996cb3dc -> 
  custom:container-muxer-webm: aa71ff27fc2769a1b78a27578f13a17b -> 
  custom:container-demuxer-webm: 4f35f7cbe854078d1ac9338744f61a02 -> 
  custom:container-demuxer-ogg: 62fdf1f143b41e24485cea50d1cbac27 -> 
  custom:video-encoder-webm-vp8: eb34c28f22e8b96e1ab97ce403110664 -> 
  custom:video-decoder-webm-vp8: 9c59270c3fd7afecdb556c50c9e8de78 -> 
  custom:audio-decoder-ogg-vorbis: bf7c407c2cedff20999df2af8eb42d56 -> 
  custom:audio-encoder-webm-vorbis: bf7c407c2cedff20999df2af8eb42d56 -> 
========================================================================
Received Prepare
Registering precompiled user dll's ...
Registered in 0.002240 seconds.
Begin MonoManager ReloadAssembly
Native extension for WindowsStandalone target not found
Native extension for WebGL target not found
Refreshing native plugins compatible for Editor in 0.34 ms, found 2 plugins.
Preloading 0 native plugins for Editor in 0.00 ms.
Mono: successfully reloaded assembly
- Completed reload, in  0.860 seconds
Domain Reload Profiling:
	ReloadAssembly (861ms)
		BeginReloadAssembly (97ms)
			ExecutionOrderSort (0ms)
			DisableScriptedObjects (4ms)
			BackupInstance (0ms)
			ReleaseScriptingObjects (0ms)
			CreateAndSetChildDomain (29ms)
		EndReloadAssembly (704ms)
			LoadAssemblies (76ms)
			RebuildTransferFunctionScriptingTraits (0ms)
			SetupTypeCache (239ms)
			ReleaseScriptCaches (1ms)
			RebuildScriptCaches (36ms)
			SetupLoadedEditorAssemblies (261ms)
				LogAssemblyErrors (0ms)
				InitializePlatformSupportModulesInManaged (5ms)
				SetLoadedEditorAssemblies (0ms)
				RefreshPlugins (0ms)
				BeforeProcessingInitializeOnLoad (67ms)
				ProcessInitializeOnLoadAttributes (178ms)
				ProcessInitializeOnLoadMethodAttributes (3ms)
				AfterProcessingInitializeOnLoad (6ms)
				EditorAssembliesLoaded (0ms)
			ExecutionOrderSort2 (0ms)
			AwakeInstancesAfterBackupRestoration (6ms)
Platform modules already initialized, skipping
Refreshing native plugins compatible for Editor in 0.34 ms, found 2 plugins.
Preloading 0 native plugins for Editor in 0.00 ms.
Unloading 1406 Unused Serialized files (Serialized files now loaded: 0)
System memory in use before: 68.8 MB.
System memory in use after: 68.9 MB.

Unloading 11 unused Assets to reduce memory usage. Loaded Objects now: 1916.
Total: 2.912200 ms (FindLiveObjects: 0.190600 ms CreateObjectMapping: 0.032400 ms MarkObjects: 2.667800 ms  DeleteObjects: 0.020000 ms)

AssetImportParameters requested are different than current active one (requested -> active):
  custom:framework-win-MediaFoundation: 216162199b28c13a410421893ffa2e32 -> 
  custom:video-decoder-ogg-theora: a1e56fd34408186e4bbccfd4996cb3dc -> 
  custom:container-muxer-webm: aa71ff27fc2769a1b78a27578f13a17b -> 
  custom:container-demuxer-webm: 4f35f7cbe854078d1ac9338744f61a02 -> 
  custom:container-demuxer-ogg: 62fdf1f143b41e24485cea50d1cbac27 -> 
  custom:video-encoder-webm-vp8: eb34c28f22e8b96e1ab97ce403110664 -> 
  custom:video-decoder-webm-vp8: 9c59270c3fd7afecdb556c50c9e8de78 -> 
  custom:audio-decoder-ogg-vorbis: bf7c407c2cedff20999df2af8eb42d56 -> 
  custom:audio-encoder-webm-vorbis: bf7c407c2cedff20999df2af8eb42d56 -> 
========================================================================
Received Prepare
Registering precompiled user dll's ...
Registered in 0.002790 seconds.
Begin MonoManager ReloadAssembly
Native extension for WindowsStandalone target not found
Native extension for WebGL target not found
Refreshing native plugins compatible for Editor in 0.34 ms, found 2 plugins.
Preloading 0 native plugins for Editor in 0.00 ms.
Mono: successfully reloaded assembly
- Completed reload, in  0.882 seconds
Domain Reload Profiling:
	ReloadAssembly (883ms)
		BeginReloadAssembly (104ms)
			ExecutionOrderSort (0ms)
			DisableScriptedObjects (4ms)
			BackupInstance (0ms)
			ReleaseScriptingObjects (0ms)
			CreateAndSetChildDomain (30ms)
		EndReloadAssembly (712ms)
			LoadAssemblies (74ms)
			RebuildTransferFunctionScriptingTraits (0ms)
			SetupTypeCache (251ms)
			ReleaseScriptCaches (1ms)
			RebuildScriptCaches (37ms)
			SetupLoadedEditorAssemblies (261ms)
				LogAssemblyErrors (0ms)
				InitializePlatformSupportModulesInManaged (6ms)
				SetLoadedEditorAssemblies (0ms)
				RefreshPlugins (0ms)
				BeforeProcessingInitializeOnLoad (65ms)
				ProcessInitializeOnLoadAttributes (179ms)
				ProcessInitializeOnLoadMethodAttributes (3ms)
				AfterProcessingInitializeOnLoad (6ms)
				EditorAssembliesLoaded (0ms)
			ExecutionOrderSort2 (0ms)
			AwakeInstancesAfterBackupRestoration (6ms)
Platform modules already initialized, skipping
Refreshing native plugins compatible for Editor in 0.33 ms, found 2 plugins.
Preloading 0 native plugins for Editor in 0.00 ms.
Unloading 1406 Unused Serialized files (Serialized files now loaded: 0)
System memory in use before: 68.8 MB.
System memory in use after: 68.9 MB.

Unloading 11 unused Assets to reduce memory usage. Loaded Objects now: 1918.
Total: 3.208100 ms (FindLiveObjects: 0.176300 ms CreateObjectMapping: 0.032400 ms MarkObjects: 2.976500 ms  DeleteObjects: 0.021500 ms)

AssetImportParameters requested are different than current active one (requested -> active):
  custom:framework-win-MediaFoundation: 216162199b28c13a410421893ffa2e32 -> 
  custom:video-decoder-ogg-theora: a1e56fd34408186e4bbccfd4996cb3dc -> 
  custom:container-muxer-webm: aa71ff27fc2769a1b78a27578f13a17b -> 
  custom:container-demuxer-webm: 4f35f7cbe854078d1ac9338744f61a02 -> 
  custom:container-demuxer-ogg: 62fdf1f143b41e24485cea50d1cbac27 -> 
  custom:video-encoder-webm-vp8: eb34c28f22e8b96e1ab97ce403110664 -> 
  custom:video-decoder-webm-vp8: 9c59270c3fd7afecdb556c50c9e8de78 -> 
  custom:audio-decoder-ogg-vorbis: bf7c407c2cedff20999df2af8eb42d56 -> 
  custom:audio-encoder-webm-vorbis: bf7c407c2cedff20999df2af8eb42d56 -> 
========================================================================
Received Prepare
Registering precompiled user dll's ...
Registered in 0.003718 seconds.
Begin MonoManager ReloadAssembly
Native extension for WindowsStandalone target not found
Native extension for WebGL target not found
Refreshing native plugins compatible for Editor in 0.44 ms, found 2 plugins.
Preloading 0 native plugins for Editor in 0.00 ms.
Mono: successfully reloaded assembly
- Completed reload, in  1.361 seconds
Domain Reload Profiling:
	ReloadAssembly (1362ms)
		BeginReloadAssembly (152ms)
			ExecutionOrderSort (0ms)
			DisableScriptedObjects (6ms)
			BackupInstance (0ms)
			ReleaseScriptingObjects (0ms)
			CreateAndSetChildDomain (55ms)
		EndReloadAssembly (1116ms)
			LoadAssemblies (118ms)
			RebuildTransferFunctionScriptingTraits (0ms)
			SetupTypeCache (404ms)
			ReleaseScriptCaches (1ms)
			RebuildScriptCaches (59ms)
			SetupLoadedEditorAssemblies (391ms)
				LogAssemblyErrors (0ms)
				InitializePlatformSupportModulesInManaged (11ms)
				SetLoadedEditorAssemblies (1ms)
				RefreshPlugins (1ms)
				BeforeProcessingInitializeOnLoad (108ms)
				ProcessInitializeOnLoadAttributes (256ms)
				ProcessInitializeOnLoadMethodAttributes (5ms)
				AfterProcessingInitializeOnLoad (9ms)
				EditorAssembliesLoaded (0ms)
			ExecutionOrderSort2 (0ms)
			AwakeInstancesAfterBackupRestoration (8ms)
Platform modules already initialized, skipping
Refreshing native plugins compatible for Editor in 0.72 ms, found 2 plugins.
Preloading 0 native plugins for Editor in 0.00 ms.
Unloading 1406 Unused Serialized files (Serialized files now loaded: 0)
System memory in use before: 68.8 MB.
System memory in use after: 68.9 MB.

Unloading 11 unused Assets to reduce memory usage. Loaded Objects now: 1920.
Total: 8.125300 ms (FindLiveObjects: 0.254700 ms CreateObjectMapping: 0.053100 ms MarkObjects: 7.759600 ms  DeleteObjects: 0.054300 ms)

AssetImportParameters requested are different than current active one (requested -> active):
  custom:framework-win-MediaFoundation: 216162199b28c13a410421893ffa2e32 -> 
  custom:video-decoder-ogg-theora: a1e56fd34408186e4bbccfd4996cb3dc -> 
  custom:container-muxer-webm: aa71ff27fc2769a1b78a27578f13a17b -> 
  custom:container-demuxer-webm: 4f35f7cbe854078d1ac9338744f61a02 -> 
  custom:container-demuxer-ogg: 62fdf1f143b41e24485cea50d1cbac27 -> 
  custom:video-encoder-webm-vp8: eb34c28f22e8b96e1ab97ce403110664 -> 
  custom:video-decoder-webm-vp8: 9c59270c3fd7afecdb556c50c9e8de78 -> 
  custom:audio-decoder-ogg-vorbis: bf7c407c2cedff20999df2af8eb42d56 -> 
  custom:audio-encoder-webm-vorbis: bf7c407c2cedff20999df2af8eb42d56 -> 
========================================================================
Received Prepare
Registering precompiled user dll's ...
Registered in 0.002226 seconds.
Begin MonoManager ReloadAssembly
Native extension for WindowsStandalone target not found
Native extension for WebGL target not found
Refreshing native plugins compatible for Editor in 0.35 ms, found 2 plugins.
Preloading 0 native plugins for Editor in 0.00 ms.
Mono: successfully reloaded assembly
- Completed reload, in  0.877 seconds
Domain Reload Profiling:
	ReloadAssembly (877ms)
		BeginReloadAssembly (114ms)
			ExecutionOrderSort (0ms)
			DisableScriptedObjects (10ms)
			BackupInstance (0ms)
			ReleaseScriptingObjects (0ms)
			CreateAndSetChildDomain (32ms)
		EndReloadAssembly (702ms)
			LoadAssemblies (81ms)
			RebuildTransferFunctionScriptingTraits (0ms)
			SetupTypeCache (242ms)
			ReleaseScriptCaches (1ms)
			RebuildScriptCaches (36ms)
			SetupLoadedEditorAssemblies (257ms)
				LogAssemblyErrors (0ms)
				InitializePlatformSupportModulesInManaged (5ms)
				SetLoadedEditorAssemblies (0ms)
				RefreshPlugins (0ms)
				BeforeProcessingInitializeOnLoad (66ms)
				ProcessInitializeOnLoadAttributes (175ms)
				ProcessInitializeOnLoadMethodAttributes (4ms)
				AfterProcessingInitializeOnLoad (5ms)
				EditorAssembliesLoaded (0ms)
			ExecutionOrderSort2 (0ms)
			AwakeInstancesAfterBackupRestoration (6ms)
Platform modules already initialized, skipping
Refreshing native plugins compatible for Editor in 0.38 ms, found 2 plugins.
Preloading 0 native plugins for Editor in 0.00 ms.
Unloading 1406 Unused Serialized files (Serialized files now loaded: 0)
System memory in use before: 68.8 MB.
System memory in use after: 68.9 MB.

Unloading 11 unused Assets to reduce memory usage. Loaded Objects now: 1922.
Total: 3.094500 ms (FindLiveObjects: 0.234800 ms CreateObjectMapping: 0.060300 ms MarkObjects: 2.777800 ms  DeleteObjects: 0.019700 ms)

AssetImportParameters requested are different than current active one (requested -> active):
  custom:framework-win-MediaFoundation: 216162199b28c13a410421893ffa2e32 -> 
  custom:video-decoder-ogg-theora: a1e56fd34408186e4bbccfd4996cb3dc -> 
  custom:container-muxer-webm: aa71ff27fc2769a1b78a27578f13a17b -> 
  custom:container-demuxer-webm: 4f35f7cbe854078d1ac9338744f61a02 -> 
  custom:container-demuxer-ogg: 62fdf1f143b41e24485cea50d1cbac27 -> 
  custom:video-encoder-webm-vp8: eb34c28f22e8b96e1ab97ce403110664 -> 
  custom:video-decoder-webm-vp8: 9c59270c3fd7afecdb556c50c9e8de78 -> 
  custom:audio-decoder-ogg-vorbis: bf7c407c2cedff20999df2af8eb42d56 -> 
  custom:audio-encoder-webm-vorbis: bf7c407c2cedff20999df2af8eb42d56 -> 
========================================================================
Received Prepare
Registering precompiled user dll's ...
Registered in 0.002291 seconds.
Begin MonoManager ReloadAssembly
Native extension for WindowsStandalone target not found
Native extension for WebGL target not found
Refreshing native plugins compatible for Editor in 0.35 ms, found 2 plugins.
Preloading 0 native plugins for Editor in 0.00 ms.
Mono: successfully reloaded assembly
- Completed reload, in  0.879 seconds
Domain Reload Profiling:
	ReloadAssembly (880ms)
		BeginReloadAssembly (116ms)
			ExecutionOrderSort (0ms)
			DisableScriptedObjects (4ms)
			BackupInstance (0ms)
			ReleaseScriptingObjects (0ms)
			CreateAndSetChildDomain (32ms)
		EndReloadAssembly (699ms)
			LoadAssemblies (88ms)
			RebuildTransferFunctionScriptingTraits (0ms)
			SetupTypeCache (234ms)
			ReleaseScriptCaches (1ms)
			RebuildScriptCaches (36ms)
			SetupLoadedEditorAssemblies (262ms)
				LogAssemblyErrors (0ms)
				InitializePlatformSupportModulesInManaged (6ms)
				SetLoadedEditorAssemblies (0ms)
				RefreshPlugins (0ms)
				BeforeProcessingInitializeOnLoad (73ms)
				ProcessInitializeOnLoadAttributes (174ms)
				ProcessInitializeOnLoadMethodAttributes (3ms)
				AfterProcessingInitializeOnLoad (5ms)
				EditorAssembliesLoaded (0ms)
			ExecutionOrderSort2 (0ms)
			AwakeInstancesAfterBackupRestoration (7ms)
Platform modules already initialized, skipping
Refreshing native plugins compatible for Editor in 0.51 ms, found 2 plugins.
Preloading 0 native plugins for Editor in 0.00 ms.
Unloading 1406 Unused Serialized files (Serialized files now loaded: 0)
System memory in use before: 68.8 MB.
System memory in use after: 68.9 MB.

Unloading 11 unused Assets to reduce memory usage. Loaded Objects now: 1924.
Total: 3.871600 ms (FindLiveObjects: 0.241500 ms CreateObjectMapping: 0.064200 ms MarkObjects: 3.541200 ms  DeleteObjects: 0.022500 ms)

AssetImportParameters requested are different than current active one (requested -> active):
  custom:framework-win-MediaFoundation: 216162199b28c13a410421893ffa2e32 -> 
  custom:video-decoder-ogg-theora: a1e56fd34408186e4bbccfd4996cb3dc -> 
  custom:container-muxer-webm: aa71ff27fc2769a1b78a27578f13a17b -> 
  custom:container-demuxer-webm: 4f35f7cbe854078d1ac9338744f61a02 -> 
  custom:container-demuxer-ogg: 62fdf1f143b41e24485cea50d1cbac27 -> 
  custom:video-encoder-webm-vp8: eb34c28f22e8b96e1ab97ce403110664 -> 
  custom:video-decoder-webm-vp8: 9c59270c3fd7afecdb556c50c9e8de78 -> 
  custom:audio-decoder-ogg-vorbis: bf7c407c2cedff20999df2af8eb42d56 -> 
  custom:audio-encoder-webm-vorbis: bf7c407c2cedff20999df2af8eb42d56 -> 
========================================================================
Received Prepare
Registering precompiled user dll's ...
Registered in 0.002612 seconds.
Begin MonoManager ReloadAssembly
Native extension for WindowsStandalone target not found
Native extension for WebGL target not found
Refreshing native plugins compatible for Editor in 0.34 ms, found 2 plugins.
Preloading 0 native plugins for Editor in 0.00 ms.
Mono: successfully reloaded assembly
- Completed reload, in  0.896 seconds
Domain Reload Profiling:
	ReloadAssembly (897ms)
		BeginReloadAssembly (108ms)
			ExecutionOrderSort (0ms)
			DisableScriptedObjects (4ms)
			BackupInstance (0ms)
			ReleaseScriptingObjects (0ms)
			CreateAndSetChildDomain (32ms)
		EndReloadAssembly (725ms)
			LoadAssemblies (76ms)
			RebuildTransferFunctionScriptingTraits (0ms)
			SetupTypeCache (254ms)
			ReleaseScriptCaches (1ms)
			RebuildScriptCaches (37ms)
			SetupLoadedEditorAssemblies (263ms)
				LogAssemblyErrors (0ms)
				InitializePlatformSupportModulesInManaged (6ms)
				SetLoadedEditorAssemblies (0ms)
				RefreshPlugins (0ms)
				BeforeProcessingInitializeOnLoad (66ms)
				ProcessInitializeOnLoadAttributes (181ms)
				ProcessInitializeOnLoadMethodAttributes (3ms)
				AfterProcessingInitializeOnLoad (5ms)
				EditorAssembliesLoaded (0ms)
			ExecutionOrderSort2 (0ms)
			AwakeInstancesAfterBackupRestoration (7ms)
Platform modules already initialized, skipping
Refreshing native plugins compatible for Editor in 0.34 ms, found 2 plugins.
Preloading 0 native plugins for Editor in 0.00 ms.
Unloading 1406 Unused Serialized files (Serialized files now loaded: 0)
System memory in use before: 68.8 MB.
System memory in use after: 68.9 MB.

Unloading 11 unused Assets to reduce memory usage. Loaded Objects now: 1926.
Total: 3.737200 ms (FindLiveObjects: 0.232800 ms CreateObjectMapping: 0.062500 ms MarkObjects: 3.414000 ms  DeleteObjects: 0.026100 ms)

AssetImportParameters requested are different than current active one (requested -> active):
  custom:framework-win-MediaFoundation: 216162199b28c13a410421893ffa2e32 -> 
  custom:video-decoder-ogg-theora: a1e56fd34408186e4bbccfd4996cb3dc -> 
  custom:container-muxer-webm: aa71ff27fc2769a1b78a27578f13a17b -> 
  custom:container-demuxer-webm: 4f35f7cbe854078d1ac9338744f61a02 -> 
  custom:container-demuxer-ogg: 62fdf1f143b41e24485cea50d1cbac27 -> 
  custom:video-encoder-webm-vp8: eb34c28f22e8b96e1ab97ce403110664 -> 
  custom:video-decoder-webm-vp8: 9c59270c3fd7afecdb556c50c9e8de78 -> 
  custom:audio-decoder-ogg-vorbis: bf7c407c2cedff20999df2af8eb42d56 -> 
  custom:audio-encoder-webm-vorbis: bf7c407c2cedff20999df2af8eb42d56 -> 
========================================================================
Received Prepare
Registering precompiled user dll's ...
Registered in 0.002276 seconds.
Begin MonoManager ReloadAssembly
Native extension for WindowsStandalone target not found
Native extension for WebGL target not found
Refreshing native plugins compatible for Editor in 0.34 ms, found 2 plugins.
Preloading 0 native plugins for Editor in 0.00 ms.
Mono: successfully reloaded assembly
- Completed reload, in  0.906 seconds
Domain Reload Profiling:
	ReloadAssembly (906ms)
		BeginReloadAssembly (102ms)
			ExecutionOrderSort (0ms)
			DisableScriptedObjects (5ms)
			BackupInstance (0ms)
			ReleaseScriptingObjects (0ms)
			CreateAndSetChildDomain (32ms)
		EndReloadAssembly (743ms)
			LoadAssemblies (75ms)
			RebuildTransferFunctionScriptingTraits (0ms)
			SetupTypeCache (262ms)
			ReleaseScriptCaches (1ms)
			RebuildScriptCaches (40ms)
			SetupLoadedEditorAssemblies (270ms)
				LogAssemblyErrors (0ms)
				InitializePlatformSupportModulesInManaged (7ms)
				SetLoadedEditorAssemblies (0ms)
				RefreshPlugins (0ms)
				BeforeProcessingInitializeOnLoad (68ms)
				ProcessInitializeOnLoadAttributes (186ms)
				ProcessInitializeOnLoadMethodAttributes (3ms)
				AfterProcessingInitializeOnLoad (5ms)
				EditorAssembliesLoaded (0ms)
			ExecutionOrderSort2 (0ms)
			AwakeInstancesAfterBackupRestoration (6ms)
Platform modules already initialized, skipping
Refreshing native plugins compatible for Editor in 0.35 ms, found 2 plugins.
Preloading 0 native plugins for Editor in 0.00 ms.
Unloading 1406 Unused Serialized files (Serialized files now loaded: 0)
System memory in use before: 68.8 MB.
System memory in use after: 69.0 MB.

Unloading 11 unused Assets to reduce memory usage. Loaded Objects now: 1928.
Total: 3.661600 ms (FindLiveObjects: 0.236800 ms CreateObjectMapping: 0.067800 ms MarkObjects: 3.337200 ms  DeleteObjects: 0.018300 ms)

AssetImportParameters requested are different than current active one (requested -> active):
  custom:framework-win-MediaFoundation: 216162199b28c13a410421893ffa2e32 -> 
  custom:video-decoder-ogg-theora: a1e56fd34408186e4bbccfd4996cb3dc -> 
  custom:container-muxer-webm: aa71ff27fc2769a1b78a27578f13a17b -> 
  custom:container-demuxer-webm: 4f35f7cbe854078d1ac9338744f61a02 -> 
  custom:container-demuxer-ogg: 62fdf1f143b41e24485cea50d1cbac27 -> 
  custom:video-encoder-webm-vp8: eb34c28f22e8b96e1ab97ce403110664 -> 
  custom:video-decoder-webm-vp8: 9c59270c3fd7afecdb556c50c9e8de78 -> 
  custom:audio-decoder-ogg-vorbis: bf7c407c2cedff20999df2af8eb42d56 -> 
  custom:audio-encoder-webm-vorbis: bf7c407c2cedff20999df2af8eb42d56 -> 
